TN:
SF:src/app.ts
FNF:0
FNH:0
DA:1,4
DA:2,4
DA:3,4
DA:4,4
DA:5,4
DA:6,4
DA:7,4
DA:8,4
DA:9,4
DA:10,4
DA:11,4
DA:12,4
DA:13,4
DA:14,4
DA:16,4
DA:17,4
DA:19,4
DA:33,4
DA:34,4
DA:36,4
DA:37,4
DA:38,4
DA:39,4
DA:40,4
DA:41,4
DA:42,4
DA:43,4
DA:44,4
DA:45,4
DA:46,4
DA:48,4
DA:50,4
LF:32
LH:32
BRF:0
BRH:0
end_of_record
TN:
SF:src/config/config.ts
FN:25,(anonymous_9)
FN:27,(anonymous_10)
FNF:2
FNH:2
FNDA:189,(anonymous_9)
FNDA:189,(anonymous_10)
DA:1,27
DA:2,27
DA:3,27
DA:5,27
DA:7,27
DA:8,27
DA:9,27
DA:11,27
DA:12,27
DA:14,27
DA:25,189
DA:28,189
LF:12
LH:12
BRDA:11,0,0,27
BRDA:11,0,1,27
BRDA:15,1,0,27
BRDA:15,1,1,27
BRDA:17,2,0,27
BRDA:17,2,1,27
BRDA:18,3,0,27
BRDA:18,3,1,27
BRDA:19,4,0,0
BRDA:19,4,1,27
BRDA:20,5,0,27
BRDA:20,5,1,27
BRDA:21,6,0,27
BRDA:21,6,1,27
BRDA:22,7,0,27
BRDA:22,7,1,27
BRDA:25,8,0,189
BRDA:25,8,1,0
BRDA:58,9,0,27
BRDA:58,9,1,27
BRDA:59,10,0,0
BRDA:59,10,1,27
BRF:22
BRH:19
end_of_record
TN:
SF:src/controllers/authController.ts
FN:10,loginUserByUsername
FN:37,loginUserByMail
FN:65,loginOfficerByMail
FN:79,(anonymous_3)
FN:91,loginOfficerByUsername
FN:105,(anonymous_5)
FN:118,loginUser
FN:124,loginOfficer
FN:131,getUserByTelegramUsername
FN:151,loginMaintainerByMail
FN:176,loginMaintainerByUsername
FN:200,loginMaintainer
FNF:12
FNH:12
FNDA:20,loginUserByUsername
FNDA:15,loginUserByMail
FNDA:20,loginOfficerByMail
FNDA:9,(anonymous_3)
FNDA:14,loginOfficerByUsername
FNDA:5,(anonymous_5)
FNDA:10,loginUser
FNDA:9,loginOfficer
FNDA:8,getUserByTelegramUsername
FNDA:16,loginMaintainerByMail
FNDA:14,loginMaintainerByUsername
FNDA:9,loginMaintainer
DA:2,6
DA:3,6
DA:4,6
DA:5,6
DA:6,6
DA:7,6
DA:10,6
DA:11,20
DA:12,20
DA:14,18
DA:15,3
DA:17,15
DA:18,4
DA:20,11
DA:21,11
DA:22,4
DA:26,7
DA:34,7
DA:35,7
DA:37,6
DA:38,15
DA:39,15
DA:41,14
DA:42,2
DA:44,12
DA:45,3
DA:47,9
DA:48,9
DA:49,3
DA:52,6
DA:60,6
DA:61,6
DA:65,6
DA:66,20
DA:67,20
DA:69,18
DA:70,3
DA:73,15
DA:74,15
DA:75,4
DA:79,11
DA:80,11
DA:88,11
DA:89,11
DA:91,6
DA:92,14
DA:93,14
DA:94,14
DA:96,14
DA:97,5
DA:100,9
DA:101,9
DA:102,3
DA:105,6
DA:106,6
DA:114,6
DA:115,6
DA:118,6
DA:119,10
DA:124,6
DA:125,9
DA:131,6
DA:132,8
DA:133,8
DA:134,6
DA:135,2
DA:138,4
DA:146,4
DA:147,4
DA:151,6
DA:152,16
DA:153,16
DA:155,14
DA:156,3
DA:159,11
DA:160,11
DA:161,4
DA:165,7
DA:172,7
DA:173,7
DA:176,6
DA:177,14
DA:178,14
DA:179,14
DA:181,14
DA:182,5
DA:185,9
DA:186,9
DA:187,3
DA:189,6
DA:196,6
DA:197,6
DA:200,6
DA:201,9
LF:94
LH:94
BRDA:14,0,0,3
BRDA:14,0,1,15
BRDA:17,1,0,4
BRDA:17,1,1,11
BRDA:21,2,0,4
BRDA:21,2,1,7
BRDA:41,3,0,2
BRDA:41,3,1,12
BRDA:44,4,0,3
BRDA:44,4,1,9
BRDA:48,5,0,3
BRDA:48,5,1,6
BRDA:69,6,0,3
BRDA:69,6,1,15
BRDA:74,7,0,4
BRDA:74,7,1,11
BRDA:79,8,0,11
BRDA:79,8,1,1
BRDA:96,9,0,5
BRDA:96,9,1,9
BRDA:96,10,0,14
BRDA:96,10,1,11
BRDA:101,11,0,3
BRDA:101,11,1,6
BRDA:105,12,0,6
BRDA:105,12,1,0
BRDA:119,13,0,4
BRDA:119,13,1,6
BRDA:125,14,0,6
BRDA:125,14,1,3
BRDA:134,15,0,2
BRDA:134,15,1,4
BRDA:155,16,0,3
BRDA:155,16,1,11
BRDA:160,17,0,4
BRDA:160,17,1,7
BRDA:181,18,0,5
BRDA:181,18,1,9
BRDA:181,19,0,14
BRDA:181,19,1,11
BRDA:186,20,0,3
BRDA:186,20,1,6
BRDA:201,21,0,6
BRDA:201,21,1,3
BRF:44
BRH:43
end_of_record
TN:
SF:src/controllers/internalMessageController.ts
FN:16,listConversation
FN:40,(anonymous_1)
FN:54,ensureAuthorized
FN:81,sendInternalMessage
FNF:4
FNH:4
FNDA:10,listConversation
FNDA:13,(anonymous_1)
FNDA:32,ensureAuthorized
FNDA:37,sendInternalMessage
DA:3,7
DA:4,7
DA:5,7
DA:6,7
DA:7,7
DA:8,7
DA:9,7
DA:16,7
DA:17,10
DA:18,10
DA:21,10
DA:22,10
DA:24,9
DA:25,9
DA:27,9
DA:28,9
DA:30,9
DA:31,7
DA:32,7
DA:35,9
DA:36,7
DA:37,7
DA:40,13
DA:55,32
DA:56,32
DA:58,32
DA:66,32
DA:67,24
DA:68,22
DA:69,3
DA:72,8
DA:73,2
DA:75,6
DA:76,3
DA:81,7
DA:82,37
DA:83,33
DA:84,33
DA:86,32
DA:88,22
DA:89,22
DA:99,22
DA:100,22
DA:101,22
DA:113,22
LF:45
LH:45
BRDA:30,0,0,7
BRDA:30,0,1,2
BRDA:32,1,0,7
BRDA:32,1,1,0
BRDA:35,2,0,7
BRDA:35,2,1,2
BRDA:37,3,0,7
BRDA:37,3,1,0
BRDA:45,4,0,11
BRDA:45,4,1,2
BRDA:48,5,0,2
BRDA:48,5,1,11
BRDA:66,6,0,24
BRDA:66,6,1,8
BRDA:67,7,0,2
BRDA:67,7,1,22
BRDA:68,8,0,3
BRDA:68,8,1,19
BRDA:68,9,0,22
BRDA:68,9,1,21
BRDA:72,10,0,2
BRDA:72,10,1,6
BRDA:75,11,0,3
BRDA:75,11,1,3
BRDA:75,12,0,6
BRDA:75,12,1,5
BRDA:82,13,0,4
BRDA:82,13,1,33
BRDA:100,14,0,22
BRDA:100,14,1,0
BRF:30
BRH:27
end_of_record
TN:
SF:src/controllers/maintainerController.ts
FN:9,createMaintainer
FN:15,getMaintainersByCategory
FN:21,getAllMaintainers
FN:27,getMaintainerById
FN:33,getMaintainerByEmail
FN:39,updateMaintainer
FN:45,assignReportToMaintainer
FN:64,getAssignedReportsForMaintainer
FN:71,updateReportStatusByMaintainer
FN:124,deleteMaintainer
FNF:10
FNH:10
FNDA:6,createMaintainer
FNDA:11,getMaintainersByCategory
FNDA:4,getAllMaintainers
FNDA:4,getMaintainerById
FNDA:4,getMaintainerByEmail
FNDA:7,updateMaintainer
FNDA:12,assignReportToMaintainer
FNDA:4,getAssignedReportsForMaintainer
FNDA:23,updateReportStatusByMaintainer
FNDA:7,deleteMaintainer
DA:2,9
DA:3,9
DA:5,9
DA:6,9
DA:7,9
DA:9,9
DA:10,6
DA:11,6
DA:12,6
DA:15,9
DA:16,11
DA:17,11
DA:18,11
DA:21,9
DA:22,4
DA:23,4
DA:24,4
DA:27,9
DA:28,4
DA:29,4
DA:30,4
DA:33,9
DA:34,4
DA:35,4
DA:36,4
DA:39,9
DA:40,7
DA:41,7
DA:42,7
DA:45,9
DA:46,12
DA:47,12
DA:50,12
DA:51,10
DA:52,4
DA:56,6
DA:57,6
DA:58,3
DA:61,3
DA:64,9
DA:65,4
DA:66,4
DA:67,4
DA:71,9
DA:77,23
DA:78,23
DA:80,23
DA:83,23
DA:84,2
DA:88,21
DA:89,5
DA:93,5
DA:97,16
DA:98,16
DA:99,4
DA:103,12
DA:104,12
DA:105,2
DA:109,10
DA:114,10
DA:116,10
DA:117,2
DA:120,8
DA:124,9
DA:125,7
DA:126,7
DA:129,7
DA:132,6
LF:68
LH:68
BRDA:9,0,0,2
BRDA:51,1,0,4
BRDA:51,1,1,6
BRDA:51,2,0,10
BRDA:51,2,1,7
BRDA:57,3,0,3
BRDA:57,3,1,3
BRDA:83,4,0,2
BRDA:83,4,1,21
BRDA:88,5,0,5
BRDA:88,5,1,16
BRDA:88,6,0,21
BRDA:88,6,1,19
BRDA:98,7,0,4
BRDA:98,7,1,12
BRDA:104,8,0,2
BRDA:104,8,1,10
BRDA:109,9,0,2
BRDA:109,9,1,8
BRDA:116,10,0,2
BRDA:116,10,1,8
BRF:21
BRH:21
end_of_record
TN:
SF:src/controllers/officerController.ts
FN:15,getAllOfficers
FN:21,getAllOfficersByOfficeType
FN:28,getOfficer
FN:34,createOfficer
FN:54,(anonymous_4)
FN:69,updateOfficer
FN:83,(anonymous_6)
FN:96,addRoleToOfficer
FN:106,(anonymous_8)
FN:112,(anonymous_9)
FN:125,removeRoleFromOfficer
FN:140,(anonymous_11)
FN:144,(anonymous_12)
FN:155,assignReportToOfficer
FN:172,retrieveDocs
FN:176,(anonymous_15)
FN:181,getAssignedReports
FN:188,getAllAssignedReportsOfficer
FN:194,reviewDoc
FN:220,(anonymous_19)
FN:220,(anonymous_20)
FN:230,deleteOfficer
FNF:22
FNH:22
FNDA:5,getAllOfficers
FNDA:16,getAllOfficersByOfficeType
FNDA:3,getOfficer
FNDA:9,createOfficer
FNDA:2,(anonymous_4)
FNDA:4,updateOfficer
FNDA:4,(anonymous_6)
FNDA:5,addRoleToOfficer
FNDA:4,(anonymous_8)
FNDA:4,(anonymous_9)
FNDA:5,removeRoleFromOfficer
FNDA:7,(anonymous_11)
FNDA:7,(anonymous_12)
FNDA:5,assignReportToOfficer
FNDA:4,retrieveDocs
FNDA:5,(anonymous_15)
FNDA:2,getAssignedReports
FNDA:6,getAllAssignedReportsOfficer
FNDA:30,reviewDoc
FNDA:5,(anonymous_19)
FNDA:4,(anonymous_20)
FNDA:7,deleteOfficer
DA:5,9
DA:6,9
DA:7,9
DA:8,9
DA:9,9
DA:11,9
DA:15,9
DA:16,5
DA:17,5
DA:18,5
DA:21,9
DA:22,16
DA:23,16
DA:24,16
DA:25,16
DA:28,9
DA:29,3
DA:30,3
DA:31,2
DA:34,9
DA:35,9
DA:37,9
DA:38,9
DA:39,2
DA:42,7
DA:50,6
DA:54,6
DA:58,6
DA:59,2
DA:65,6
DA:66,6
DA:69,9
DA:70,4
DA:72,4
DA:82,4
DA:83,4
DA:89,4
DA:90,4
DA:96,9
DA:101,5
DA:102,5
DA:106,5
DA:111,5
DA:112,5
DA:113,5
DA:114,3
DA:115,3
DA:118,5
DA:119,5
DA:125,9
DA:130,5
DA:131,5
DA:133,5
DA:134,5
DA:135,4
DA:139,5
DA:140,7
DA:144,7
DA:148,5
DA:150,5
DA:151,5
DA:155,9
DA:156,5
DA:157,5
DA:159,5
DA:160,5
DA:161,2
DA:164,3
DA:165,3
DA:166,1
DA:169,2
DA:172,9
DA:173,4
DA:175,4
DA:176,5
DA:178,4
DA:181,9
DA:182,2
DA:183,2
DA:184,2
DA:188,9
DA:189,6
DA:190,6
DA:191,6
DA:194,9
DA:195,30
DA:196,30
DA:197,30
DA:199,30
DA:201,29
DA:202,2
DA:204,27
DA:205,4
DA:209,4
DA:212,23
DA:215,23
DA:216,9
DA:218,9
DA:220,5
DA:221,5
DA:225,23
DA:227,23
DA:230,9
DA:231,7
DA:232,7
DA:233,7
DA:234,1
DA:236,6
DA:237,6
DA:238,7
DA:239,4
DA:242,6
LF:112
LH:112
BRDA:38,0,0,2
BRDA:38,0,1,7
BRDA:51,1,0,6
BRDA:51,1,1,5
BRDA:54,2,0,6
BRDA:54,2,1,0
BRDA:56,3,0,2
BRDA:56,3,1,0
BRDA:58,4,0,2
BRDA:58,4,1,4
BRDA:60,5,0,2
BRDA:60,5,1,2
BRDA:78,6,0,4
BRDA:78,6,1,1
BRDA:79,7,0,4
BRDA:79,7,1,2
BRDA:82,8,0,3
BRDA:82,8,1,1
BRDA:82,9,0,4
BRDA:82,9,1,4
BRDA:85,10,0,4
BRDA:85,10,1,1
BRDA:106,11,0,5
BRDA:106,11,1,0
BRDA:108,12,0,4
BRDA:108,12,1,1
BRDA:111,13,0,5
BRDA:111,13,1,2
BRDA:112,14,0,4
BRDA:112,14,1,2
BRDA:113,15,0,3
BRDA:113,15,1,2
BRDA:134,16,0,4
BRDA:134,16,1,1
BRDA:139,17,0,5
BRDA:139,17,1,1
BRDA:142,18,0,7
BRDA:142,18,1,4
BRDA:144,19,0,7
BRDA:144,19,1,4
BRDA:160,20,0,2
BRDA:160,20,1,3
BRDA:165,21,0,1
BRDA:165,21,1,2
BRDA:176,22,0,5
BRDA:176,22,1,2
BRDA:201,23,0,2
BRDA:201,23,1,27
BRDA:201,24,0,29
BRDA:201,24,1,16
BRDA:204,25,0,4
BRDA:204,25,1,23
BRDA:204,26,0,27
BRDA:204,26,1,24
BRDA:215,27,0,9
BRDA:215,27,1,14
BRDA:218,28,0,5
BRDA:218,28,1,4
BRDA:220,29,0,5
BRDA:220,29,1,2
BRDA:220,30,0,5
BRDA:220,30,1,1
BRDA:233,31,0,1
BRDA:233,31,1,6
BRDA:237,32,0,6
BRDA:237,32,1,1
BRDA:238,33,0,4
BRDA:238,33,1,3
BRF:68
BRH:65
end_of_record
TN:
SF:src/controllers/reportController.ts
FN:13,getReports
FN:20,getReportsByOffice
FN:24,(anonymous_2)
FN:29,getReport
FN:36,uploadReport
FN:95,deleteReport
FNF:6
FNH:6
FNDA:4,getReports
FNDA:3,getReportsByOffice
FNDA:4,(anonymous_2)
FNDA:3,getReport
FNDA:14,uploadReport
FNDA:3,deleteReport
DA:4,6
DA:5,6
DA:6,6
DA:7,6
DA:8,6
DA:9,6
DA:13,6
DA:14,4
DA:15,4
DA:16,4
DA:20,6
DA:21,3
DA:22,3
DA:24,4
DA:25,3
DA:29,6
DA:30,3
DA:31,3
DA:32,2
DA:36,6
DA:37,14
DA:38,14
DA:40,14
DA:41,1
DA:44,13
DA:45,1
DA:48,12
DA:49,1
DA:53,11
DA:54,11
DA:55,1
DA:59,10
DA:60,10
DA:61,10
DA:62,2
DA:66,8
DA:69,8
DA:71,6
DA:74,6
DA:75,6
DA:76,5
DA:79,6
DA:91,6
DA:95,6
DA:96,3
DA:97,3
LF:46
LH:46
BRDA:40,0,0,1
BRDA:40,0,1,13
BRDA:44,1,0,1
BRDA:44,1,1,12
BRDA:48,2,0,1
BRDA:48,2,1,11
BRDA:54,3,0,1
BRDA:54,3,1,10
BRDA:60,4,0,10
BRDA:60,4,1,1
BRDA:61,5,0,2
BRDA:61,5,1,8
BRDA:61,6,0,10
BRDA:61,6,1,9
BRDA:61,6,2,8
BRDA:75,7,0,5
BRDA:75,7,1,1
BRDA:83,8,0,6
BRDA:83,8,1,5
BRF:19
BRH:19
end_of_record
TN:
SF:src/controllers/userController.ts
FN:9,getMyProfile
FN:21,updateMyProfile
FN:51,getAllUsers
FN:58,getUser
FN:65,createUser
FN:83,deleteUser
FN:88,activateAccount
FN:92,isActive
FN:97,logoutUser
FNF:9
FNH:9
FNDA:8,getMyProfile
FNDA:15,updateMyProfile
FNDA:2,getAllUsers
FNDA:2,getUser
FNDA:10,createUser
FNDA:2,deleteUser
FNDA:4,activateAccount
FNDA:5,isActive
FNDA:2,logoutUser
DA:4,6
DA:5,6
DA:6,6
DA:9,6
DA:10,8
DA:11,8
DA:12,8
DA:14,8
DA:15,8
DA:16,8
DA:17,8
DA:21,6
DA:22,15
DA:25,15
DA:26,15
DA:29,15
DA:36,15
DA:37,7
DA:38,7
DA:39,6
DA:43,15
DA:45,15
DA:46,15
DA:47,15
DA:48,15
DA:51,6
DA:52,2
DA:53,2
DA:54,2
DA:58,6
DA:59,2
DA:60,2
DA:61,2
DA:65,6
DA:66,10
DA:67,10
DA:68,4
DA:69,4
DA:70,4
DA:72,6
DA:73,6
DA:80,4
DA:83,6
DA:84,2
DA:85,2
DA:88,6
DA:89,4
DA:90,4
DA:92,6
DA:93,5
DA:94,5
DA:95,4
DA:97,6
DA:101,2
LF:54
LH:54
BRDA:14,0,0,8
BRDA:14,0,1,6
BRDA:15,1,0,8
BRDA:15,1,1,6
BRDA:16,2,0,8
BRDA:16,2,1,1
BRDA:26,3,0,15
BRDA:26,3,1,8
BRDA:36,4,0,7
BRDA:36,4,1,8
BRDA:38,5,0,6
BRDA:38,5,1,1
BRDA:67,6,0,4
BRDA:67,6,1,6
BRF:14
BRH:14
end_of_record
TN:
SF:src/middlewares/authMiddleware.ts
FN:10,authenticateToken
FN:39,requireUserType
FN:40,(anonymous_2)
FN:48,(anonymous_3)
FN:55,(anonymous_4)
FN:66,isUser
FN:83,regexMail
FNF:7
FNH:5
FNDA:62,authenticateToken
FNDA:108,requireUserType
FNDA:33,(anonymous_2)
FNDA:69,(anonymous_3)
FNDA:39,(anonymous_4)
FNDA:0,isUser
FNDA:0,regexMail
DA:3,4
DA:4,4
DA:5,4
DA:10,4
DA:11,62
DA:12,62
DA:13,62
DA:14,11
DA:17,51
DA:18,51
DA:27,50
DA:28,50
DA:29,1
DA:32,49
DA:33,49
DA:35,13
DA:39,4
DA:40,108
DA:41,33
DA:42,33
DA:43,33
DA:45,33
DA:48,33
DA:49,69
DA:50,3
DA:52,66
DA:55,39
DA:56,33
DA:57,4
DA:59,29
DA:61,4
DA:66,4
DA:67,0
DA:68,0
DA:69,0
DA:70,0
DA:73,0
DA:74,0
DA:76,0
DA:78,0
DA:80,0
DA:83,4
DA:84,0
DA:85,0
LF:44
LH:33
BRDA:13,0,0,11
BRDA:13,0,1,51
BRDA:13,1,0,62
BRDA:13,1,1,52
BRDA:27,2,0,50
BRDA:27,2,1,50
BRDA:28,3,0,1
BRDA:28,3,1,49
BRDA:28,4,0,50
BRDA:28,4,1,49
BRDA:43,5,0,0
BRDA:43,5,1,33
BRDA:45,6,0,33
BRDA:45,6,1,0
BRDA:49,7,0,3
BRDA:49,7,1,66
BRDA:49,8,0,69
BRDA:49,8,1,66
BRDA:49,8,2,66
BRDA:56,9,0,4
BRDA:56,9,1,29
BRDA:69,10,0,0
BRDA:69,10,1,0
BRDA:73,11,0,0
BRDA:73,11,1,0
BRF:25
BRH:19
end_of_record
TN:
SF:src/middlewares/uploadMiddleware.ts
FN:11,(anonymous_1)
FN:16,(anonymous_2)
FN:24,(anonymous_3)
FN:50,(anonymous_4)
FN:53,(anonymous_5)
FNF:5
FNH:0
FNDA:0,(anonymous_1)
FNDA:0,(anonymous_2)
FNDA:0,(anonymous_3)
FNDA:0,(anonymous_4)
FNDA:0,(anonymous_5)
DA:3,4
DA:4,4
DA:6,4
DA:9,4
DA:13,0
DA:18,0
DA:19,0
DA:24,4
DA:26,0
DA:27,0
DA:28,0
DA:29,0
DA:31,0
DA:32,0
DA:34,0
DA:39,4
DA:49,4
DA:51,0
DA:54,0
DA:55,0
DA:59,4
LF:21
LH:8
BRDA:31,0,0,0
BRDA:31,0,1,0
BRDA:31,1,0,0
BRDA:31,1,1,0
BRF:4
BRH:0
end_of_record
TN:
SF:src/models/dao/InternalMessageDAO.ts
FN:12,(anonymous_2)
FN:35,(anonymous_3)
FNF:2
FNH:2
FNDA:33,(anonymous_2)
FNDA:86,(anonymous_3)
DA:1,51
DA:2,51
DA:8,51
DA:10,51
DA:12,33
DA:14,51
DA:18,51
DA:21,51
DA:24,51
DA:27,51
DA:30,51
DA:33,51
DA:35,86
DA:36,51
DA:39,51
LF:15
LH:15
BRF:0
BRH:0
end_of_record
TN:
SF:src/models/dao/MaintainerDAO.ts
FN:23,(anonymous_2)
FN:24,(anonymous_3)
FNF:2
FNH:2
FNDA:42,(anonymous_2)
FNDA:21,(anonymous_3)
DA:2,51
DA:6,51
DA:8,51
DA:11,51
DA:14,51
DA:17,51
DA:23,42
DA:24,21
DA:28,51
DA:31,51
LF:10
LH:10
BRF:0
BRH:0
end_of_record
TN:
SF:src/models/dao/NotificationDAO.ts
FN:20,(anonymous_2)
FNF:1
FNH:1
FNDA:73,(anonymous_2)
DA:1,55
DA:4,55
DA:6,55
DA:9,55
DA:12,55
DA:15,55
DA:18,55
DA:20,73
DA:21,55
DA:24,55
LF:10
LH:10
BRF:0
BRH:0
end_of_record
TN:
SF:src/models/dao/OfficerDAO.ts
FN:22,(anonymous_2)
FN:22,(anonymous_3)
FNF:2
FNH:2
FNDA:33,(anonymous_2)
FNDA:33,(anonymous_3)
DA:1,53
DA:4,53
DA:6,53
DA:8,53
DA:10,53
DA:12,53
DA:15,53
DA:18,53
DA:21,53
DA:22,33
DA:23,53
LF:11
LH:11
BRF:0
BRH:0
end_of_record
TN:
SF:src/models/dao/ReportDAO.ts
FN:17,(anonymous_2)
FN:18,(anonymous_3)
FN:30,(anonymous_4)
FN:37,(anonymous_5)
FN:46,(anonymous_6)
FN:47,(anonymous_7)
FNF:6
FNH:6
FNDA:251,(anonymous_2)
FNDA:245,(anonymous_3)
FNDA:33,(anonymous_4)
FNDA:66,(anonymous_5)
FNDA:251,(anonymous_6)
FNDA:245,(anonymous_7)
DA:1,57
DA:2,57
DA:3,57
DA:4,57
DA:7,57
DA:9,57
DA:12,57
DA:17,251
DA:18,245
DA:21,57
DA:30,33
DA:32,57
DA:35,57
DA:37,66
DA:38,57
DA:41,57
DA:46,251
DA:47,245
DA:50,57
DA:56,57
DA:59,57
DA:62,57
DA:65,57
DA:68,57
DA:71,57
LF:25
LH:25
BRF:0
BRH:0
end_of_record
TN:
SF:src/models/dao/RoleDAO.ts
FN:11,(anonymous_2)
FN:11,(anonymous_3)
FNF:2
FNH:2
FNDA:33,(anonymous_2)
FNDA:33,(anonymous_3)
DA:1,53
DA:2,53
DA:3,53
DA:7,53
DA:9,53
DA:11,33
DA:15,53
DA:19,53
DA:22,53
LF:9
LH:9
BRF:0
BRH:0
end_of_record
TN:
SF:src/models/dao/UserDAO.ts
FNF:0
FNH:0
DA:1,60
DA:4,60
DA:6,60
DA:9,60
DA:12,60
DA:15,60
DA:18,60
DA:21,60
DA:24,60
DA:27,60
DA:30,60
DA:33,60
LF:12
LH:12
BRF:0
BRH:0
end_of_record
TN:
SF:src/models/dto/OfficeType.ts
FN:28,instanceOfOfficeType
FN:39,OfficeTypeFromJSON
FN:43,OfficeTypeFromJSONTyped
FN:47,OfficeTypeToJSON
FN:51,OfficeTypeToJSONTyped
FNF:5
FNH:1
FNDA:0,instanceOfOfficeType
FNDA:0,OfficeTypeFromJSON
FNDA:0,OfficeTypeFromJSONTyped
FNDA:3,OfficeTypeToJSON
FNDA:0,OfficeTypeToJSONTyped
DA:20,4
DA:28,4
DA:29,0
DA:30,0
DA:31,0
DA:32,0
DA:36,0
DA:39,4
DA:40,0
DA:43,4
DA:44,0
DA:47,4
DA:48,3
DA:51,4
DA:52,0
LF:15
LH:7
BRDA:30,0,0,0
BRDA:30,0,1,0
BRDA:31,1,0,0
BRDA:31,1,1,0
BRF:4
BRH:0
end_of_record
TN:
SF:src/models/dto/Officer.ts
FN:61,instanceOfOfficer
FN:65,OfficerFromJSON
FN:69,OfficerFromJSONTyped
FN:80,(anonymous_3)
FN:97,OfficerToJSON
FN:101,OfficerToJSONTyped
FN:111,(anonymous_6)
FNF:7
FNH:3
FNDA:0,instanceOfOfficer
FNDA:0,OfficerFromJSON
FNDA:0,OfficerFromJSONTyped
FNDA:0,(anonymous_3)
FNDA:3,OfficerToJSON
FNDA:3,OfficerToJSONTyped
FNDA:3,(anonymous_6)
DA:16,4
DA:22,4
DA:61,4
DA:62,0
DA:65,4
DA:66,0
DA:69,4
DA:70,0
DA:71,0
DA:75,0
DA:76,0
DA:79,0
DA:80,0
DA:86,0
DA:97,4
DA:98,3
DA:101,4
DA:102,3
DA:103,3
DA:111,3
LF:20
LH:11
BRDA:70,0,0,0
BRDA:70,0,1,0
BRDA:75,1,0,0
BRDA:75,1,1,0
BRDA:76,2,0,0
BRDA:76,2,1,0
BRDA:79,3,0,0
BRDA:79,3,1,0
BRDA:82,4,0,0
BRDA:82,4,1,0
BRDA:87,5,0,0
BRDA:87,5,1,0
BRDA:88,6,0,0
BRDA:88,6,1,0
BRDA:89,7,0,0
BRDA:89,7,1,0
BRDA:90,8,0,0
BRDA:90,8,1,0
BRDA:91,9,0,0
BRDA:91,9,1,0
BRDA:92,10,0,0
BRDA:92,10,1,0
BRDA:93,11,0,0
BRDA:93,11,1,0
BRDA:93,12,0,0
BRDA:93,12,1,0
BRDA:93,13,0,0
BRDA:93,13,1,0
BRDA:101,14,0,0
BRDA:102,15,0,0
BRDA:102,15,1,3
BRDA:113,16,0,0
BRDA:113,16,1,3
BRF:33
BRH:2
end_of_record
TN:
SF:src/models/dto/OfficerRole.ts
FN:28,instanceOfOfficerRole
FN:39,OfficerRoleFromJSON
FN:43,OfficerRoleFromJSONTyped
FN:47,OfficerRoleToJSON
FN:51,OfficerRoleToJSONTyped
FNF:5
FNH:1
FNDA:0,instanceOfOfficerRole
FNDA:0,OfficerRoleFromJSON
FNDA:0,OfficerRoleFromJSONTyped
FNDA:3,OfficerRoleToJSON
FNDA:0,OfficerRoleToJSONTyped
DA:20,4
DA:28,4
DA:29,0
DA:30,0
DA:31,0
DA:32,0
DA:36,0
DA:39,4
DA:40,0
DA:43,4
DA:44,0
DA:47,4
DA:48,3
DA:51,4
DA:52,0
LF:15
LH:7
BRDA:30,0,0,0
BRDA:30,0,1,0
BRDA:31,1,0,0
BRDA:31,1,1,0
BRF:4
BRH:0
end_of_record
TN:
SF:src/models/dto/User.ts
FN:81,instanceOfUser
FN:85,UserFromJSON
FN:89,UserFromJSONTyped
FN:107,UserToJSON
FN:111,UserToJSONTyped
FNF:5
FNH:2
FNDA:0,instanceOfUser
FNDA:6,UserFromJSON
FNDA:6,UserFromJSONTyped
FNDA:0,UserToJSON
FNDA:0,UserToJSONTyped
DA:81,4
DA:82,0
DA:85,4
DA:86,6
DA:89,4
DA:90,6
DA:91,0
DA:93,6
DA:107,4
DA:108,0
DA:111,4
DA:112,0
DA:113,0
DA:116,0
LF:14
LH:8
BRDA:90,0,0,0
BRDA:90,0,1,6
BRDA:95,1,0,6
BRDA:95,1,1,0
BRDA:96,2,0,0
BRDA:96,2,1,6
BRDA:97,3,0,0
BRDA:97,3,1,6
BRDA:98,4,0,1
BRDA:98,4,1,5
BRDA:99,5,0,1
BRDA:99,5,1,5
BRDA:100,6,0,1
BRDA:100,6,1,5
BRDA:101,7,0,6
BRDA:101,7,1,0
BRDA:102,8,0,6
BRDA:102,8,1,0
BRDA:103,9,0,6
BRDA:103,9,1,0
BRDA:111,10,0,0
BRDA:112,11,0,0
BRDA:112,11,1,0
BRF:23
BRH:13
end_of_record
TN:
SF:src/models/enums/OfficeType.ts
FN:1,(anonymous_0)
FNF:1
FNH:1
FNDA:57,(anonymous_0)
DA:1,57
DA:2,57
DA:3,57
DA:4,57
DA:5,57
DA:6,57
DA:7,57
DA:8,57
LF:8
LH:8
BRDA:1,0,0,57
BRDA:1,0,1,57
BRF:2
BRH:2
end_of_record
TN:
SF:src/models/enums/OfficerRole.ts
FN:1,(anonymous_0)
FNF:1
FNH:1
FNDA:57,(anonymous_0)
DA:1,57
DA:2,57
DA:3,57
DA:4,57
DA:5,57
LF:5
LH:5
BRDA:1,0,0,57
BRDA:1,0,1,57
BRF:2
BRH:2
end_of_record
TN:
SF:src/models/enums/ReportState.ts
FN:1,(anonymous_0)
FNF:1
FNH:1
FNDA:57,(anonymous_0)
DA:1,57
DA:2,57
DA:3,57
DA:4,57
DA:5,57
DA:6,57
DA:7,57
LF:7
LH:7
BRDA:1,0,0,57
BRDA:1,0,1,57
BRF:2
BRH:2
end_of_record
TN:
SF:src/models/enums/ReviewStatus.ts
FN:1,(anonymous_0)
FNF:1
FNH:1
FNDA:5,(anonymous_0)
DA:1,5
DA:2,5
DA:3,5
DA:4,5
LF:4
LH:4
BRDA:1,0,0,5
BRDA:1,0,1,5
BRF:2
BRH:2
end_of_record
TN:
SF:src/repositories/InternalMessageRepository.ts
FN:8,(anonymous_0)
FN:12,(anonymous_1)
FN:17,(anonymous_2)
FN:24,(anonymous_3)
FNF:4
FNH:3
FNDA:36,(anonymous_0)
FNDA:24,(anonymous_1)
FNDA:12,(anonymous_2)
FNDA:0,(anonymous_3)
DA:1,8
DA:3,8
DA:5,8
DA:9,36
DA:13,24
DA:14,24
DA:18,12
DA:25,0
LF:8
LH:7
BRF:0
BRH:0
end_of_record
TN:
SF:src/repositories/MaintainerRepository.ts
FN:14,(anonymous_0)
FN:18,(anonymous_1)
FN:28,(anonymous_2)
FN:66,(anonymous_3)
FN:69,(anonymous_4)
FN:73,(anonymous_5)
FN:75,(anonymous_6)
FN:78,(anonymous_7)
FN:82,(anonymous_8)
FN:85,(anonymous_9)
FN:90,(anonymous_10)
FN:96,(anonymous_11)
FNF:12
FNH:11
FNDA:43,(anonymous_0)
FNDA:42,(anonymous_1)
FNDA:1,(anonymous_2)
FNDA:5,(anonymous_3)
FNDA:13,(anonymous_4)
FNDA:1,(anonymous_5)
FNDA:3,(anonymous_6)
FNDA:1,(anonymous_7)
FNDA:12,(anonymous_8)
FNDA:9,(anonymous_9)
FNDA:2,(anonymous_10)
FNDA:0,(anonymous_11)
DA:2,15
DA:4,15
DA:6,15
DA:7,15
DA:8,15
DA:9,15
DA:11,15
DA:15,43
DA:26,42
DA:28,1
DA:32,41
DA:34,41
DA:35,41
DA:36,41
DA:38,40
DA:40,41
DA:41,0
DA:44,41
DA:46,41
DA:47,41
DA:48,41
DA:50,40
DA:52,41
DA:53,0
DA:56,41
DA:57,41
DA:67,5
DA:70,13
DA:74,1
DA:75,3
DA:79,1
DA:83,12
DA:85,9
DA:91,2
DA:92,2
DA:93,1
DA:94,1
DA:97,0
DA:98,0
DA:99,0
DA:101,0
LF:41
LH:35
BRDA:23,0,0,0
BRDA:40,1,0,0
BRDA:40,1,1,41
BRDA:52,2,0,0
BRDA:52,2,1,41
BRDA:75,3,0,3
BRDA:75,3,1,2
BRDA:75,3,2,2
BRDA:92,4,0,1
BRDA:92,4,1,1
BRDA:98,5,0,0
BRDA:98,5,1,0
BRF:12
BRH:7
end_of_record
TN:
SF:src/repositories/NotificationRepository.ts
FN:9,(anonymous_0)
FN:14,(anonymous_1)
FN:21,(anonymous_2)
FN:29,(anonymous_3)
FN:34,(anonymous_4)
FN:46,(anonymous_5)
FN:59,(anonymous_6)
FNF:7
FNH:7
FNDA:50,(anonymous_0)
FNDA:7,(anonymous_1)
FNDA:5,(anonymous_2)
FNDA:3,(anonymous_3)
FNDA:25,(anonymous_4)
FNDA:6,(anonymous_5)
FNDA:12,(anonymous_6)
DA:1,17
DA:3,17
DA:6,17
DA:10,50
DA:15,7
DA:16,7
DA:17,7
DA:22,5
DA:23,3
DA:24,1
DA:26,2
DA:27,2
DA:30,3
DA:31,3
DA:35,25
DA:36,12
DA:47,6
DA:48,4
DA:49,4
DA:61,12
DA:62,4
DA:65,8
LF:22
LH:22
BRDA:16,0,0,2
BRDA:16,0,1,5
BRDA:23,1,0,1
BRDA:23,1,1,2
BRDA:35,2,0,13
BRDA:35,2,1,12
BRDA:35,3,0,25
BRDA:35,3,1,13
BRDA:47,4,0,2
BRDA:47,4,1,4
BRDA:47,5,0,6
BRDA:47,5,1,5
BRDA:61,6,0,4
BRDA:61,6,1,8
BRDA:62,7,0,4
BRDA:62,7,1,1
BRF:16
BRH:16
end_of_record
TN:
SF:src/repositories/OfficerRepository.ts
FN:17,(anonymous_0)
FN:22,(anonymous_1)
FN:26,(anonymous_2)
FN:34,(anonymous_3)
FN:37,(anonymous_4)
FN:42,(anonymous_5)
FN:45,(anonymous_6)
FN:50,(anonymous_7)
FN:54,(anonymous_8)
FN:62,(anonymous_9)
FN:73,(anonymous_10)
FN:78,(anonymous_11)
FN:97,(anonymous_12)
FN:98,(anonymous_13)
FN:113,(anonymous_14)
FN:153,(anonymous_15)
FN:167,(anonymous_16)
FN:180,(anonymous_17)
FNF:18
FNH:18
FNDA:277,(anonymous_0)
FNDA:5,(anonymous_1)
FNDA:2,(anonymous_2)
FNDA:187,(anonymous_3)
FNDA:11,(anonymous_4)
FNDA:221,(anonymous_5)
FNDA:216,(anonymous_6)
FNDA:139,(anonymous_7)
FNDA:24,(anonymous_8)
FNDA:159,(anonymous_9)
FNDA:2,(anonymous_10)
FNDA:156,(anonymous_11)
FNDA:156,(anonymous_12)
FNDA:155,(anonymous_13)
FNDA:5,(anonymous_14)
FNDA:13,(anonymous_15)
FNDA:14,(anonymous_16)
FNDA:5,(anonymous_17)
DA:3,26
DA:5,26
DA:6,26
DA:7,26
DA:9,26
DA:10,26
DA:11,26
DA:13,26
DA:18,277
DA:19,277
DA:23,5
DA:27,2
DA:35,187
DA:37,11
DA:43,221
DA:45,216
DA:51,139
DA:55,24
DA:71,159
DA:73,2
DA:77,157
DA:78,157
DA:79,157
DA:80,1
DA:82,156
DA:84,156
DA:92,156
DA:95,156
DA:96,151
DA:97,156
DA:99,155
DA:105,151
DA:106,151
DA:110,156
DA:122,5
DA:124,4
DA:125,4
DA:126,4
DA:127,4
DA:129,4
DA:132,4
DA:133,2
DA:140,2
DA:146,2
DA:149,4
DA:157,13
DA:159,12
DA:166,12
DA:167,10
DA:168,14
DA:174,10
DA:177,12
DA:181,5
DA:182,4
LF:54
LH:54
BRDA:79,0,0,1
BRDA:79,0,1,156
BRDA:95,1,0,151
BRDA:95,1,1,5
BRDA:95,2,0,156
BRDA:95,2,1,152
BRDA:102,3,0,155
BRDA:102,3,1,83
BRDA:105,4,0,151
BRDA:105,4,1,0
BRDA:132,5,0,2
BRDA:132,5,1,2
BRDA:132,6,0,4
BRDA:132,6,1,3
BRDA:166,7,0,10
BRDA:166,7,1,2
BRDA:171,8,0,14
BRDA:171,8,1,9
BRF:18
BRH:17
end_of_record
TN:
SF:src/repositories/ReportRepository.ts
FN:12,(anonymous_0)
FN:16,(anonymous_1)
FN:21,(anonymous_2)
FN:36,(anonymous_3)
FN:43,(anonymous_4)
FN:46,(anonymous_5)
FN:51,(anonymous_6)
FN:58,(anonymous_7)
FN:66,(anonymous_8)
FN:76,(anonymous_9)
FN:106,(anonymous_10)
FN:117,(anonymous_11)
FN:122,(anonymous_12)
FN:122,(anonymous_13)
FN:129,(anonymous_14)
FN:140,(anonymous_15)
FN:155,(anonymous_16)
FN:160,(anonymous_17)
FN:167,(anonymous_18)
FN:174,(anonymous_19)
FNF:20
FNH:19
FNDA:134,(anonymous_0)
FNDA:2,(anonymous_1)
FNDA:9,(anonymous_2)
FNDA:10,(anonymous_3)
FNDA:166,(anonymous_4)
FNDA:152,(anonymous_5)
FNDA:8,(anonymous_6)
FNDA:12,(anonymous_7)
FNDA:5,(anonymous_8)
FNDA:78,(anonymous_9)
FNDA:4,(anonymous_10)
FNDA:7,(anonymous_11)
FNDA:2,(anonymous_12)
FNDA:2,(anonymous_13)
FNDA:3,(anonymous_14)
FNDA:36,(anonymous_15)
FNDA:5,(anonymous_16)
FNDA:37,(anonymous_17)
FNDA:28,(anonymous_18)
FNDA:0,(anonymous_19)
DA:1,19
DA:3,19
DA:5,19
DA:6,19
DA:7,19
DA:9,19
DA:13,134
DA:17,2
DA:22,9
DA:37,10
DA:44,166
DA:46,152
DA:52,8
DA:59,12
DA:67,5
DA:92,78
DA:93,78
DA:107,4
DA:108,4
DA:109,7
DA:110,4
DA:111,4
DA:112,4
DA:113,4
DA:118,7
DA:119,6
DA:122,2
DA:130,3
DA:131,3
DA:132,4
DA:133,2
DA:134,2
DA:135,2
DA:145,36
DA:147,35
DA:148,35
DA:149,4
DA:152,35
DA:156,5
DA:157,3
DA:161,37
DA:162,36
DA:163,36
DA:164,36
DA:168,28
DA:169,27
DA:170,27
DA:171,27
DA:175,0
LF:49
LH:48
BRDA:92,0,0,78
BRDA:92,0,1,1
BRDA:92,0,2,0
BRDA:109,1,0,4
BRDA:109,1,1,3
BRDA:109,2,0,7
BRDA:109,2,1,5
BRDA:109,2,2,4
BRDA:118,3,0,1
BRDA:118,3,1,6
BRDA:132,4,0,2
BRDA:132,4,1,2
BRDA:132,5,0,4
BRDA:132,5,1,3
BRDA:148,6,0,4
BRDA:148,6,1,31
BRDA:148,7,0,35
BRDA:148,7,1,5
BRF:18
BRH:17
end_of_record
TN:
SF:src/repositories/UserRepository.ts
FN:13,(anonymous_0)
FN:17,(anonymous_1)
FN:21,(anonymous_2)
FN:24,(anonymous_3)
FN:29,(anonymous_4)
FN:32,(anonymous_5)
FN:37,(anonymous_6)
FN:40,(anonymous_7)
FN:46,(anonymous_8)
FN:56,(anonymous_9)
FN:60,(anonymous_10)
FN:71,(anonymous_11)
FN:87,(anonymous_12)
FN:92,(anonymous_13)
FN:95,(anonymous_14)
FN:101,(anonymous_15)
FN:113,(anonymous_16)
FNF:17
FNH:17
FNDA:289,(anonymous_0)
FNDA:1,(anonymous_1)
FNDA:17,(anonymous_2)
FNDA:13,(anonymous_3)
FNDA:210,(anonymous_4)
FNDA:14,(anonymous_5)
FNDA:44,(anonymous_6)
FNDA:42,(anonymous_7)
FNDA:138,(anonymous_8)
FNDA:2,(anonymous_9)
FNDA:135,(anonymous_10)
FNDA:2,(anonymous_11)
FNDA:2,(anonymous_12)
FNDA:8,(anonymous_13)
FNDA:4,(anonymous_14)
FNDA:22,(anonymous_15)
FNDA:6,(anonymous_16)
DA:3,25
DA:5,25
DA:6,25
DA:7,25
DA:8,25
DA:10,25
DA:14,289
DA:18,1
DA:22,17
DA:24,13
DA:30,210
DA:32,14
DA:38,44
DA:40,42
DA:54,138
DA:56,2
DA:59,136
DA:60,136
DA:61,136
DA:62,1
DA:64,135
DA:65,135
DA:66,1
DA:69,134
DA:71,2
DA:75,132
DA:78,132
DA:88,2
DA:89,1
DA:93,8
DA:95,4
DA:106,22
DA:107,21
DA:108,21
DA:109,21
DA:110,21
DA:114,6
DA:116,4
DA:117,4
LF:39
LH:39
BRDA:61,0,0,1
BRDA:61,0,1,135
BRDA:65,1,0,1
BRDA:65,1,1,134
BRDA:107,2,0,12
BRDA:107,2,1,9
BRDA:108,3,0,6
BRDA:108,3,1,15
BRDA:109,4,0,4
BRDA:109,4,1,17
BRF:10
BRH:10
end_of_record
TN:
SF:src/routes/AdminRoutes.ts
FN:18,(anonymous_0)
FN:30,(anonymous_1)
FN:40,(anonymous_2)
FN:51,(anonymous_3)
FN:65,(anonymous_4)
FN:78,(anonymous_5)
FN:94,(anonymous_6)
FN:105,(anonymous_7)
FNF:8
FNH:8
FNDA:3,(anonymous_0)
FNDA:2,(anonymous_1)
FNDA:2,(anonymous_2)
FNDA:5,(anonymous_3)
FNDA:5,(anonymous_4)
FNDA:3,(anonymous_5)
FNDA:7,(anonymous_6)
FNDA:2,(anonymous_7)
DA:1,5
DA:2,5
DA:10,5
DA:11,5
DA:12,5
DA:14,5
DA:16,5
DA:18,5
DA:19,3
DA:20,3
DA:21,3
DA:22,2
DA:23,1
DA:25,1
DA:30,5
DA:31,2
DA:32,2
DA:33,1
DA:35,1
DA:40,5
DA:41,2
DA:42,2
DA:43,2
DA:44,1
DA:46,1
DA:51,5
DA:52,5
DA:53,5
DA:54,5
DA:55,3
DA:57,2
DA:58,1
DA:60,1
DA:65,5
DA:66,5
DA:67,5
DA:68,5
DA:69,3
DA:71,2
DA:72,1
DA:74,1
DA:78,5
DA:79,3
DA:80,3
DA:81,3
DA:82,2
DA:83,1
DA:85,1
DA:94,5
DA:95,7
DA:96,7
DA:97,7
DA:98,3
DA:99,2
DA:101,1
DA:105,5
DA:106,2
DA:107,2
DA:109,2
DA:110,1
DA:112,1
DA:116,5
LF:62
LH:62
BRDA:21,0,0,1
BRDA:21,0,1,2
BRDA:54,1,0,3
BRDA:54,1,1,2
BRDA:54,2,0,5
BRDA:54,2,1,4
BRDA:54,2,2,3
BRDA:68,3,0,3
BRDA:68,3,1,2
BRDA:68,4,0,5
BRDA:68,4,1,4
BRDA:68,4,2,3
BRDA:81,5,0,1
BRDA:81,5,1,2
BRDA:97,6,0,4
BRDA:97,6,1,3
BRDA:97,7,0,7
BRDA:97,7,1,6
BRDA:97,7,2,5
BRDA:97,7,3,4
BRDA:98,8,0,3
BRDA:98,8,1,2
BRF:22
BRH:22
end_of_record
TN:
SF:src/routes/AuthRoutes.ts
FN:10,(anonymous_0)
FN:31,(anonymous_1)
FN:50,(anonymous_2)
FN:65,(anonymous_3)
FN:85,(anonymous_4)
FNF:5
FNH:4
FNDA:9,(anonymous_0)
FNDA:8,(anonymous_1)
FNDA:7,(anonymous_2)
FNDA:8,(anonymous_3)
FNDA:0,(anonymous_4)
DA:1,4
DA:2,4
DA:3,4
DA:4,4
DA:5,4
DA:7,4
DA:10,4
DA:11,9
DA:12,9
DA:13,9
DA:15,9
DA:16,3
DA:19,6
DA:20,6
DA:22,3
DA:26,3
DA:31,4
DA:32,8
DA:33,8
DA:35,8
DA:36,3
DA:39,5
DA:40,5
DA:42,3
DA:46,2
DA:50,4
DA:51,7
DA:52,7
DA:53,7
DA:54,4
DA:56,3
DA:57,2
DA:61,1
DA:65,4
DA:66,8
DA:67,8
DA:69,8
DA:70,3
DA:73,5
DA:74,5
DA:76,3
DA:80,2
DA:85,4
DA:86,0
DA:87,0
DA:88,0
DA:89,0
DA:90,0
DA:92,0
DA:96,4
LF:50
LH:44
BRDA:15,0,0,3
BRDA:15,0,1,6
BRDA:15,1,0,9
BRDA:15,1,1,7
BRDA:35,2,0,3
BRDA:35,2,1,5
BRDA:35,3,0,8
BRDA:35,3,1,6
BRDA:53,4,0,4
BRDA:53,4,1,3
BRDA:53,5,0,7
BRDA:53,5,1,6
BRDA:53,5,2,5
BRDA:53,5,3,4
BRDA:69,6,0,3
BRDA:69,6,1,5
BRDA:69,7,0,8
BRDA:69,7,1,6
BRDA:88,8,0,0
BRDA:88,8,1,0
BRF:20
BRH:18
end_of_record
TN:
SF:src/routes/InfoType.ts
FN:8,(anonymous_0)
FNF:1
FNH:0
FNDA:0,(anonymous_0)
DA:1,4
DA:2,4
DA:3,4
DA:4,4
DA:5,4
DA:8,4
DA:9,0
DA:10,0
DA:18,0
DA:23,4
LF:10
LH:7
BRF:0
BRH:0
end_of_record
TN:
SF:src/routes/InternalMessageRoutes.ts
FN:9,(anonymous_0)
FN:23,(anonymous_1)
FN:50,(anonymous_2)
FNF:3
FNH:3
FNDA:10,(anonymous_0)
FNDA:18,(anonymous_1)
FNDA:12,(anonymous_2)
DA:1,5
DA:2,5
DA:3,5
DA:4,5
DA:6,5
DA:9,5
DA:10,10
DA:11,10
DA:12,10
DA:13,2
DA:15,8
DA:16,6
DA:18,2
DA:23,5
DA:24,18
DA:25,18
DA:26,18
DA:27,1
DA:30,17
DA:31,17
DA:33,17
DA:35,17
DA:36,3
DA:40,14
DA:41,14
DA:42,14
DA:44,13
DA:45,1
DA:49,12
DA:50,12
DA:52,12
DA:59,12
DA:63,12
DA:64,10
DA:66,3
DA:70,5
LF:36
LH:36
BRDA:12,0,0,2
BRDA:12,0,1,8
BRDA:26,1,0,1
BRDA:26,1,1,17
BRDA:35,2,0,3
BRDA:35,2,1,14
BRDA:44,3,0,1
BRDA:44,3,1,12
BRDA:49,4,0,11
BRDA:49,4,1,1
BRDA:50,5,0,12
BRDA:50,5,1,9
BRDA:53,6,0,3
BRDA:53,6,1,9
BRDA:59,7,0,9
BRDA:59,7,1,3
BRF:16
BRH:16
end_of_record
TN:
SF:src/routes/MaintainerRoutes.ts
FN:11,(anonymous_0)
FN:21,(anonymous_1)
FN:34,(anonymous_2)
FN:46,(anonymous_3)
FN:66,(anonymous_4)
FNF:5
FNH:5
FNDA:3,(anonymous_0)
FNDA:11,(anonymous_1)
FNDA:6,(anonymous_2)
FNDA:10,(anonymous_3)
FNDA:6,(anonymous_4)
DA:1,9
DA:2,9
DA:3,9
DA:5,9
DA:7,9
DA:11,9
DA:12,3
DA:13,3
DA:14,2
DA:16,1
DA:21,9
DA:22,11
DA:23,11
DA:24,11
DA:25,0
DA:27,11
DA:28,10
DA:30,1
DA:34,9
DA:35,6
DA:36,6
DA:37,6
DA:39,4
DA:40,3
DA:42,1
DA:46,9
DA:47,10
DA:48,10
DA:49,10
DA:50,10
DA:52,10
DA:53,8
DA:55,6
DA:57,5
DA:62,1
DA:66,9
DA:67,6
DA:68,6
DA:69,6
DA:70,4
DA:71,3
DA:73,1
DA:77,9
LF:43
LH:42
BRDA:24,0,0,0
BRDA:24,0,1,11
BRDA:37,1,0,2
BRDA:37,1,1,4
BRDA:52,2,0,2
BRDA:52,2,1,8
BRDA:53,3,0,2
BRDA:53,3,1,6
BRDA:69,4,0,2
BRDA:69,4,1,4
BRF:10
BRH:9
end_of_record
TN:
SF:src/routes/NotificationRoutes.ts
FN:10,(anonymous_0)
FN:18,(anonymous_1)
FN:35,(anonymous_2)
FNF:3
FNH:3
FNDA:5,(anonymous_0)
FNDA:3,(anonymous_1)
FNDA:3,(anonymous_2)
DA:1,5
DA:2,5
DA:3,5
DA:4,5
DA:6,5
DA:10,5
DA:11,5
DA:12,5
DA:13,5
DA:15,5
DA:16,5
DA:18,4
DA:29,1
DA:35,5
DA:36,3
DA:37,3
DA:38,3
DA:40,3
DA:41,3
DA:43,1
DA:45,2
DA:49,5
LF:22
LH:22
BRDA:21,0,0,3
BRDA:21,0,1,0
BRF:2
BRH:1
end_of_record
TN:
SF:src/routes/OfficerRoutes.ts
FN:11,(anonymous_0)
FN:20,(anonymous_1)
FN:39,(anonymous_2)
FN:56,(anonymous_3)
FNF:4
FNH:4
FNDA:9,(anonymous_0)
FNDA:20,(anonymous_1)
FNDA:21,(anonymous_2)
FNDA:18,(anonymous_3)
DA:1,5
DA:2,5
DA:3,5
DA:4,5
DA:5,5
DA:6,5
DA:7,5
DA:11,5
DA:12,9
DA:13,9
DA:14,9
DA:15,7
DA:17,2
DA:20,5
DA:21,20
DA:22,20
DA:23,20
DA:24,0
DA:26,20
DA:27,18
DA:28,18
DA:32,2
DA:39,5
DA:40,21
DA:41,21
DA:42,21
DA:43,21
DA:44,15
DA:48,6
DA:56,5
DA:57,18
DA:58,18
DA:59,18
DA:60,5
DA:62,13
DA:65,5
LF:36
LH:35
BRDA:23,0,0,0
BRDA:23,0,1,20
BRF:2
BRH:1
end_of_record
TN:
SF:src/routes/PublicRelationRoutes.ts
FN:9,(anonymous_0)
FN:21,(anonymous_1)
FNF:2
FNH:0
FNDA:0,(anonymous_0)
FNDA:0,(anonymous_1)
DA:1,4
DA:2,4
DA:3,4
DA:5,4
DA:6,4
DA:9,4
DA:10,0
DA:12,0
DA:13,0
DA:14,0
DA:18,0
DA:21,4
DA:22,0
DA:23,0
DA:24,0
DA:25,0
DA:27,0
DA:33,4
LF:18
LH:8
BRF:0
BRH:0
end_of_record
TN:
SF:src/routes/ReportRoutes.ts
FN:15,(anonymous_0)
FN:43,(anonymous_1)
FN:84,(anonymous_2)
FN:112,(anonymous_3)
FN:140,(anonymous_4)
FN:170,(anonymous_5)
FNF:6
FNH:2
FNDA:10,(anonymous_0)
FNDA:3,(anonymous_1)
FNDA:0,(anonymous_2)
FNDA:0,(anonymous_3)
FNDA:0,(anonymous_4)
FNDA:0,(anonymous_5)
DA:1,5
DA:2,5
DA:5,5
DA:6,5
DA:7,5
DA:8,5
DA:9,5
DA:11,5
DA:13,5
DA:15,5
DA:16,10
DA:18,10
DA:19,10
DA:21,10
DA:31,10
DA:32,10
DA:34,10
DA:36,9
DA:39,1
DA:43,5
DA:44,3
DA:46,3
DA:74,3
DA:75,2
DA:79,1
DA:84,5
DA:85,0
DA:86,0
DA:88,0
DA:89,0
DA:92,0
DA:93,0
DA:95,0
DA:96,0
DA:100,0
DA:101,0
DA:103,0
DA:104,0
DA:105,0
DA:107,0
DA:112,5
DA:113,0
DA:114,0
DA:115,0
DA:117,0
DA:118,0
DA:120,0
DA:121,0
DA:124,0
DA:125,0
DA:126,0
DA:129,0
DA:133,0
DA:135,0
DA:140,5
DA:141,0
DA:142,0
DA:143,0
DA:145,0
DA:146,0
DA:149,0
DA:150,0
DA:152,0
DA:153,0
DA:156,0
DA:157,0
DA:159,0
DA:163,0
DA:165,0
DA:170,5
DA:171,0
DA:172,0
DA:173,0
DA:175,0
DA:176,0
DA:179,0
DA:180,0
DA:182,0
DA:183,0
DA:185,0
DA:187,0
DA:188,0
DA:193,0
DA:195,0
DA:199,5
LF:85
LH:30
BRDA:18,0,0,3
BRDA:18,0,1,7
BRDA:19,1,0,3
BRDA:19,1,1,7
BRDA:22,2,0,10
BRDA:22,2,1,0
BRDA:23,3,0,10
BRDA:23,3,1,9
BRDA:23,3,2,8
BRDA:24,4,0,10
BRDA:24,4,1,0
BRDA:26,5,0,10
BRDA:26,5,1,8
BRDA:28,6,0,2
BRDA:28,6,1,8
BRDA:28,7,0,10
BRDA:28,7,1,3
BRDA:88,8,0,0
BRDA:88,8,1,0
BRDA:95,9,0,0
BRDA:95,9,1,0
BRDA:104,10,0,0
BRDA:104,10,1,0
BRDA:120,11,0,0
BRDA:120,11,1,0
BRDA:125,12,0,0
BRDA:125,12,1,0
BRDA:145,13,0,0
BRDA:145,13,1,0
BRDA:145,14,0,0
BRDA:145,14,1,0
BRDA:152,15,0,0
BRDA:152,15,1,0
BRDA:175,16,0,0
BRDA:175,16,1,0
BRDA:175,17,0,0
BRDA:175,17,1,0
BRDA:187,18,0,0
BRDA:187,18,1,0
BRF:39
BRH:15
end_of_record
TN:
SF:src/routes/UserRoutes.ts
FN:12,(anonymous_0)
FN:23,(anonymous_1)
FN:36,(anonymous_2)
FN:47,(anonymous_3)
FN:68,(anonymous_4)
FN:77,(anonymous_5)
FN:101,(anonymous_6)
FNF:7
FNH:7
FNDA:3,(anonymous_0)
FNDA:8,(anonymous_1)
FNDA:7,(anonymous_2)
FNDA:15,(anonymous_3)
FNDA:2,(anonymous_4)
FNDA:8,(anonymous_5)
FNDA:10,(anonymous_6)
DA:1,5
DA:2,5
DA:3,5
DA:4,5
DA:5,5
DA:6,5
DA:7,5
DA:9,5
DA:12,5
DA:13,3
DA:14,3
DA:15,3
DA:16,2
DA:20,1
DA:23,5
DA:24,8
DA:25,8
DA:26,8
DA:27,3
DA:31,5
DA:36,5
DA:37,7
DA:38,7
DA:39,7
DA:40,6
DA:42,1
DA:47,5
DA:48,15
DA:49,15
DA:51,15
DA:52,15
DA:53,15
DA:54,15
DA:56,15
DA:62,14
DA:64,1
DA:68,5
DA:69,2
DA:70,2
DA:71,2
DA:73,0
DA:77,5
DA:78,8
DA:79,8
DA:80,8
DA:81,2
DA:83,6
DA:84,4
DA:85,2
DA:87,2
DA:88,2
DA:95,2
DA:97,2
DA:101,5
DA:102,10
DA:103,10
DA:104,10
DA:105,4
DA:108,6
DA:109,5
DA:110,3
DA:111,2
DA:113,2
DA:118,5
LF:64
LH:63
BRDA:51,0,0,15
BRDA:51,0,1,7
BRDA:53,1,0,7
BRDA:53,1,1,8
BRDA:53,2,0,7
BRDA:53,2,1,5
BRDA:54,3,0,2
BRDA:54,3,1,13
BRDA:80,4,0,2
BRDA:80,4,1,6
BRDA:84,5,0,2
BRDA:84,5,1,2
BRDA:104,6,0,4
BRDA:104,6,1,6
BRDA:104,7,0,10
BRDA:104,7,1,8
BRDA:109,8,0,2
BRDA:109,8,1,3
BRF:18
BRH:18
end_of_record
TN:
SF:src/services/authService.ts
FN:25,hashPassword
FN:30,verifyPassword
FN:38,generateToken
FN:48,verifyToken
FN:57,saveSession
FN:76,getSession
FN:91,deleteSession
FN:99,validateSession
FN:111,addToBlacklist
FN:123,isTokenBlacklisted
FN:129,blacklistUserSessions
FNF:11
FNH:11
FNDA:327,hashPassword
FNDA:39,verifyPassword
FNDA:167,generateToken
FNDA:70,verifyToken
FNDA:5,saveSession
FNDA:12,getSession
FNDA:6,deleteSession
FNDA:5,validateSession
FNDA:9,addToBlacklist
FNDA:8,isTokenBlacklisted
FNDA:4,blacklistUserSessions
DA:3,26
DA:4,26
DA:5,26
DA:6,26
DA:9,26
DA:10,26
DA:11,26
DA:25,26
DA:26,327
DA:30,26
DA:34,39
DA:38,26
DA:40,167
DA:44,167
DA:48,26
DA:49,70
DA:50,70
DA:52,4
DA:57,26
DA:63,5
DA:65,5
DA:66,5
DA:73,5
DA:76,26
DA:86,12
DA:87,12
DA:88,12
DA:91,26
DA:95,6
DA:96,6
DA:99,26
DA:104,5
DA:105,5
DA:106,4
DA:107,4
DA:111,26
DA:115,9
DA:116,9
DA:117,9
DA:118,9
DA:119,7
DA:123,26
DA:124,8
DA:125,8
DA:126,8
DA:129,26
DA:134,4
DA:135,4
DA:136,3
DA:137,3
LF:50
LH:50
BRDA:42,0,0,106
BRDA:42,0,1,61
BRDA:60,1,0,3
BRDA:61,2,0,3
BRDA:88,3,0,9
BRDA:88,3,1,3
BRDA:105,4,0,1
BRDA:105,4,1,4
BRDA:107,5,0,4
BRDA:107,5,1,3
BRDA:113,6,0,2
BRDA:117,7,0,8
BRDA:117,7,1,1
BRDA:118,8,0,7
BRDA:118,8,1,2
BRDA:132,9,0,1
BRDA:135,10,0,3
BRDA:135,10,1,1
BRF:18
BRH:18
end_of_record
TN:
SF:src/services/ioService.ts
FN:5,setIO
FN:9,getIO
FNF:2
FNH:2
FNDA:11,setIO
FNDA:18,getIO
DA:3,15
DA:5,15
DA:6,11
DA:9,15
DA:10,18
LF:5
LH:5
BRF:0
BRH:0
end_of_record
TN:
SF:src/services/mailService.ts
FN:14,sendMail
FNF:1
FNH:0
FNDA:0,sendMail
DA:1,4
DA:2,4
DA:4,4
DA:14,4
DA:21,0
DA:28,0
LF:6
LH:4
BRDA:22,0,0,0
BRDA:22,0,1,0
BRDA:22,0,2,0
BRF:3
BRH:0
end_of_record
TN:
SF:src/services/mapperService.ts
FN:19,mapUserDAOToDTO
FN:37,mapOfficerDAOToDTO
FN:44,(anonymous_2)
FN:58,mapReportDAOToDTO
FNF:4
FNH:4
FNDA:45,mapUserDAOToDTO
FNDA:17,mapOfficerDAOToDTO
FNDA:20,(anonymous_2)
FNDA:30,mapReportDAOToDTO
DA:19,17
DA:20,45
DA:37,17
DA:38,17
DA:44,20
DA:58,17
DA:59,30
LF:7
LH:7
BRDA:28,0,0,45
BRDA:28,0,1,44
BRDA:29,1,0,45
BRDA:29,1,1,39
BRDA:44,2,0,17
BRDA:44,2,1,0
BRDA:47,3,0,9
BRDA:47,3,1,11
BRDA:63,4,0,29
BRDA:63,4,1,1
BRDA:72,5,0,30
BRDA:72,5,1,22
BRDA:73,6,0,30
BRDA:73,6,1,30
BRDA:74,7,0,30
BRDA:74,7,1,28
BRF:16
BRH:15
end_of_record
TN:
SF:src/services/otpService.ts
FN:5,keyFor
FN:9,generateOtp
FN:15,verifyOtp
FN:23,clearOtp
FNF:4
FNH:0
FNDA:0,keyFor
FNDA:0,generateOtp
FNDA:0,verifyOtp
FNDA:0,clearOtp
DA:1,4
DA:2,4
DA:3,4
DA:6,0
DA:9,4
DA:10,0
DA:11,0
DA:12,0
DA:15,4
DA:16,0
DA:17,0
DA:18,0
DA:19,0
DA:20,0
DA:23,4
DA:24,0
LF:16
LH:6
BRDA:9,0,0,0
BRDA:18,1,0,0
BRDA:18,1,1,0
BRDA:19,2,0,0
BRDA:19,2,1,0
BRF:5
BRH:0
end_of_record
TN:
SF:src/utils/fileUtils.ts
FN:4,validatePhotosCount
FN:11,getPhotoPaths
FN:12,(anonymous_2)
FNF:3
FNH:3
FNDA:8,validatePhotosCount
FNDA:6,getPhotoPaths
FNDA:10,(anonymous_2)
DA:1,6
DA:4,6
DA:5,8
DA:6,2
DA:11,6
DA:12,10
LF:6
LH:6
BRDA:5,0,0,2
BRDA:5,0,1,6
BRDA:5,1,0,8
BRDA:5,1,1,8
BRDA:5,1,2,7
BRF:5
BRH:5
end_of_record
TN:
SF:src/utils/utils.ts
FN:5,(anonymous_0)
FN:13,(anonymous_1)
FN:21,(anonymous_2)
FN:29,(anonymous_3)
FN:37,(anonymous_4)
FN:44,findOrThrowNotFound
FN:57,throwConflictIfFound
FNF:7
FNH:7
FNDA:406,(anonymous_0)
FNDA:7,(anonymous_1)
FNDA:63,(anonymous_2)
FNDA:12,(anonymous_3)
FNDA:14,(anonymous_4)
FNDA:864,findOrThrowNotFound
FNDA:473,throwConflictIfFound
DA:3,37
DA:4,406
DA:6,406
DA:7,406
DA:11,37
DA:12,7
DA:14,7
DA:15,7
DA:19,37
DA:20,63
DA:22,63
DA:23,63
DA:27,37
DA:28,12
DA:30,12
DA:31,12
DA:35,37
DA:36,14
DA:38,14
DA:39,14
DA:44,37
DA:49,864
DA:50,864
DA:51,403
DA:53,461
DA:57,37
DA:62,473
DA:63,473
DA:64,7
LF:29
LH:29
BRDA:50,0,0,403
BRDA:50,0,1,461
BRDA:63,1,0,7
BRDA:63,1,1,466
BRF:4
BRH:4
end_of_record
