TN:
SF:src\app.ts
FNF:0
FNH:0
DA:1,4
DA:2,4
DA:3,4
DA:4,4
DA:5,4
DA:6,4
DA:7,4
DA:8,4
DA:9,4
DA:11,4
DA:12,4
DA:14,4
DA:21,4
DA:22,4
DA:24,4
DA:25,4
DA:26,4
DA:27,4
DA:28,4
DA:31,4
DA:33,4
LF:21
LH:21
BRF:0
BRH:0
end_of_record
TN:
SF:src\config\config.ts
FN:25,(anonymous_9)
FN:27,(anonymous_10)
FNF:2
FNH:2
FNDA:30,(anonymous_9)
FNDA:30,(anonymous_10)
DA:1,10
DA:2,10
DA:3,10
DA:5,10
DA:7,10
DA:8,10
DA:9,10
DA:11,10
DA:12,10
DA:14,10
DA:25,30
DA:28,30
LF:12
LH:12
BRDA:11,0,0,10
BRDA:11,0,1,10
BRDA:15,1,0,10
BRDA:15,1,1,10
BRDA:17,2,0,10
BRDA:17,2,1,10
BRDA:18,3,0,10
BRDA:18,3,1,10
BRDA:19,4,0,0
BRDA:19,4,1,10
BRDA:20,5,0,10
BRDA:20,5,1,10
BRDA:21,6,0,10
BRDA:21,6,1,10
BRDA:22,7,0,10
BRDA:22,7,1,10
BRDA:25,8,0,30
BRDA:25,8,1,0
BRF:18
BRH:16
end_of_record
TN:
SF:src\controllers\authController.ts
FN:9,loginUserByUsername
FN:24,loginUserByMail
FN:40,loginOfficerByMail
FN:54,loginOfficerByUsername
FN:73,loginUser
FN:79,loginOfficer
FNF:6
FNH:6
FNDA:5,loginUserByUsername
FNDA:1,loginUserByMail
FNDA:2,loginOfficerByMail
FNDA:5,loginOfficerByUsername
FNDA:6,loginUser
FNDA:7,loginOfficer
DA:3,5
DA:4,5
DA:5,5
DA:6,5
DA:9,5
DA:10,5
DA:12,5
DA:13,4
DA:14,4
DA:15,2
DA:18,2
DA:24,5
DA:25,1
DA:27,1
DA:28,1
DA:29,1
DA:30,0
DA:32,1
DA:40,5
DA:41,2
DA:43,2
DA:44,2
DA:45,2
DA:46,1
DA:48,1
DA:54,5
DA:55,5
DA:57,5
DA:58,5
DA:59,2
DA:61,3
DA:62,3
DA:63,3
DA:64,1
DA:66,2
DA:73,5
DA:74,6
DA:79,5
DA:80,7
LF:39
LH:38
BRDA:14,0,0,2
BRDA:14,0,1,2
BRDA:29,1,0,0
BRDA:29,1,1,1
BRDA:45,2,0,1
BRDA:45,2,1,1
BRDA:58,3,0,2
BRDA:58,3,1,3
BRDA:63,4,0,1
BRDA:63,4,1,2
BRDA:74,5,0,1
BRDA:74,5,1,5
BRDA:80,6,0,2
BRDA:80,6,1,5
BRF:14
BRH:13
end_of_record
TN:
SF:src\controllers\officerController.ts
FN:11,getAllOfficers
FN:17,getOfficer
FN:24,createOfficer
FN:39,updateOfficer
FN:56,assignReportToOfficer
FN:76,retrieveDocs
FN:84,(anonymous_6)
FN:84,(anonymous_7)
FN:90,reviewDoc
FN:120,deleteOfficer
FNF:10
FNH:7
FNDA:1,getAllOfficers
FNDA:0,getOfficer
FNDA:28,createOfficer
FNDA:0,updateOfficer
FNDA:6,assignReportToOfficer
FNDA:4,retrieveDocs
FNDA:2,(anonymous_6)
FNDA:3,(anonymous_7)
FNDA:6,reviewDoc
FNDA:0,deleteOfficer
DA:5,5
DA:6,5
DA:7,5
DA:8,5
DA:11,5
DA:12,1
DA:13,1
DA:14,1
DA:17,5
DA:18,0
DA:19,0
DA:20,0
DA:24,5
DA:25,28
DA:26,28
DA:35,28
DA:39,5
DA:40,0
DA:41,0
DA:51,0
DA:56,5
DA:57,6
DA:58,6
DA:61,6
DA:62,3
DA:63,1
DA:67,2
DA:68,2
DA:69,1
DA:73,1
DA:76,5
DA:77,4
DA:78,4
DA:80,4
DA:81,4
DA:82,4
DA:83,4
DA:84,4
DA:86,4
DA:90,5
DA:91,6
DA:92,6
DA:95,6
DA:99,3
DA:100,1
DA:104,2
DA:107,2
DA:109,1
DA:111,1
DA:113,1
DA:117,2
DA:120,5
DA:121,0
DA:122,0
LF:54
LH:46
BRDA:62,0,0,1
BRDA:62,0,1,2
BRDA:68,1,0,1
BRDA:68,1,1,1
BRDA:99,2,0,1
BRDA:99,2,1,2
BRDA:99,3,0,3
BRDA:99,3,1,3
BRDA:107,4,0,1
BRDA:107,4,1,1
BRDA:111,5,0,1
BRDA:111,5,1,0
BRF:12
BRH:11
end_of_record
TN:
SF:src\controllers\reportController.ts
FN:13,getReports
FN:20,getReportsByOffice
FN:24,(anonymous_2)
FN:29,getReport
FN:36,uploadReport
FN:95,deleteReport
FNF:6
FNH:2
FNDA:3,getReports
FNDA:0,getReportsByOffice
FNDA:0,(anonymous_2)
FNDA:0,getReport
FNDA:5,uploadReport
FNDA:0,deleteReport
DA:4,4
DA:5,4
DA:6,4
DA:7,4
DA:8,4
DA:9,4
DA:13,4
DA:14,3
DA:15,3
DA:16,3
DA:20,4
DA:21,0
DA:22,0
DA:24,0
DA:25,0
DA:29,4
DA:30,0
DA:31,0
DA:32,0
DA:36,4
DA:37,5
DA:38,5
DA:40,5
DA:41,0
DA:44,5
DA:45,0
DA:48,5
DA:49,0
DA:53,5
DA:54,5
DA:55,1
DA:59,4
DA:60,4
DA:61,4
DA:62,4
DA:66,0
DA:69,0
DA:71,0
DA:74,0
DA:75,0
DA:76,0
DA:79,0
DA:91,0
DA:95,4
DA:96,0
DA:97,0
LF:46
LH:26
BRDA:40,0,0,0
BRDA:40,0,1,5
BRDA:44,1,0,0
BRDA:44,1,1,5
BRDA:48,2,0,0
BRDA:48,2,1,5
BRDA:54,3,0,1
BRDA:54,3,1,4
BRDA:60,4,0,4
BRDA:60,4,1,4
BRDA:61,5,0,4
BRDA:61,5,1,0
BRDA:61,6,0,4
BRDA:61,6,1,0
BRDA:61,6,2,0
BRDA:75,7,0,0
BRDA:75,7,1,0
BRDA:75,8,0,0
BRDA:75,8,1,0
BRDA:83,9,0,0
BRDA:83,9,1,0
BRF:21
BRH:9
end_of_record
TN:
SF:src\controllers\userController.ts
FN:8,getAllUsers
FN:15,getUser
FN:22,createUser
FN:34,deleteUser
FN:40,logoutUser
FNF:5
FNH:5
FNDA:2,getAllUsers
FNDA:1,getUser
FNDA:21,createUser
FNDA:1,deleteUser
FNDA:1,logoutUser
DA:4,5
DA:5,5
DA:8,5
DA:9,2
DA:10,2
DA:11,2
DA:15,5
DA:16,1
DA:17,1
DA:18,1
DA:22,5
DA:23,21
DA:24,21
DA:31,3
DA:34,5
DA:35,1
DA:36,1
DA:40,5
DA:44,1
LF:19
LH:19
BRF:0
BRH:0
end_of_record
TN:
SF:src\middlewares\authMiddleware.ts
FN:11,authenticateToken
FN:33,requireUserType
FN:34,(anonymous_2)
FN:55,regexMail
FNF:4
FNH:3
FNDA:55,authenticateToken
FNDA:28,requireUserType
FNDA:51,(anonymous_2)
FNDA:0,regexMail
DA:4,4
DA:5,4
DA:11,4
DA:12,55
DA:13,55
DA:14,55
DA:15,3
DA:18,52
DA:19,52
DA:21,52
DA:23,52
DA:25,3
DA:33,4
DA:34,28
DA:35,51
DA:36,51
DA:38,51
DA:39,0
DA:42,51
DA:43,8
DA:48,43
DA:50,8
DA:55,4
DA:56,0
DA:57,0
LF:25
LH:22
BRDA:14,0,0,3
BRDA:14,0,1,52
BRDA:14,1,0,55
BRDA:14,1,1,52
BRDA:38,2,0,0
BRDA:38,2,1,51
BRDA:42,3,0,8
BRDA:42,3,1,43
BRF:8
BRH:7
end_of_record
TN:
SF:src\middlewares\uploadMiddleware.ts
FN:11,(anonymous_1)
FN:16,(anonymous_2)
FN:24,(anonymous_3)
FNF:3
FNH:3
FNDA:7,(anonymous_1)
FNDA:7,(anonymous_2)
FNDA:7,(anonymous_3)
DA:3,4
DA:4,4
DA:6,4
DA:9,4
DA:13,7
DA:18,7
DA:19,7
DA:24,4
DA:26,7
DA:27,7
DA:28,7
DA:29,7
DA:31,7
DA:32,7
DA:34,0
DA:39,4
LF:16
LH:15
BRDA:31,0,0,7
BRDA:31,0,1,0
BRDA:31,1,0,7
BRDA:31,1,1,7
BRF:4
BRH:3
end_of_record
TN:
SF:src\models\dao\OfficerDAO.ts
FNF:0
FNH:0
DA:1,19
DA:2,19
DA:3,19
DA:6,19
DA:8,19
DA:10,19
DA:12,19
DA:15,19
DA:18,19
DA:21,19
DA:24,19
DA:27,19
LF:12
LH:12
BRF:0
BRH:0
end_of_record
TN:
SF:src\models\dao\ReportDAO.ts
FN:17,(anonymous_2)
FN:18,(anonymous_3)
FN:30,(anonymous_4)
FN:37,(anonymous_5)
FN:46,(anonymous_6)
FN:47,(anonymous_7)
FNF:6
FNH:2
FNDA:0,(anonymous_2)
FNDA:0,(anonymous_3)
FNDA:14,(anonymous_4)
FNDA:28,(anonymous_5)
FNDA:0,(anonymous_6)
FNDA:0,(anonymous_7)
DA:1,20
DA:2,20
DA:3,20
DA:4,20
DA:7,20
DA:9,20
DA:12,20
DA:17,0
DA:18,0
DA:21,20
DA:30,14
DA:32,20
DA:35,20
DA:37,28
DA:38,20
DA:41,20
DA:46,0
DA:47,0
DA:50,20
DA:56,20
DA:59,20
DA:62,20
LF:22
LH:18
BRF:0
BRH:0
end_of_record
TN:
SF:src\models\dao\UserDAO.ts
FNF:0
FNH:0
DA:1,20
DA:4,20
DA:6,20
DA:9,20
DA:12,20
DA:15,20
DA:18,20
DA:21,20
LF:8
LH:8
BRF:0
BRH:0
end_of_record
TN:
SF:src\models\dto\OfficeType.ts
FN:28,instanceOfOfficeType
FN:39,OfficeTypeFromJSON
FN:43,OfficeTypeFromJSONTyped
FN:47,OfficeTypeToJSON
FN:51,OfficeTypeToJSONTyped
FNF:5
FNH:1
FNDA:0,instanceOfOfficeType
FNDA:0,OfficeTypeFromJSON
FNDA:0,OfficeTypeFromJSONTyped
FNDA:27,OfficeTypeToJSON
FNDA:0,OfficeTypeToJSONTyped
DA:20,4
DA:28,4
DA:29,0
DA:30,0
DA:31,0
DA:32,0
DA:36,0
DA:39,4
DA:40,0
DA:43,4
DA:44,0
DA:47,4
DA:48,27
DA:51,4
DA:52,0
LF:15
LH:7
BRDA:30,0,0,0
BRDA:30,0,1,0
BRDA:31,1,0,0
BRDA:31,1,1,0
BRF:4
BRH:0
end_of_record
TN:
SF:src\models\dto\Officer.ts
FN:93,instanceOfOfficer
FN:97,OfficerFromJSON
FN:101,OfficerFromJSONTyped
FN:117,OfficerToJSON
FN:121,OfficerToJSONTyped
FNF:5
FNH:4
FNDA:0,instanceOfOfficer
FNDA:28,OfficerFromJSON
FNDA:28,OfficerFromJSONTyped
FNDA:27,OfficerToJSON
FNDA:27,OfficerToJSONTyped
DA:17,4
DA:24,4
DA:93,4
DA:94,0
DA:97,4
DA:98,28
DA:101,4
DA:102,28
DA:103,0
DA:105,28
DA:117,4
DA:118,27
DA:121,4
DA:122,27
DA:123,0
DA:126,27
LF:16
LH:13
BRDA:102,0,0,0
BRDA:102,0,1,28
BRDA:106,1,0,0
BRDA:106,1,1,28
BRDA:107,2,0,28
BRDA:107,2,1,0
BRDA:108,3,0,0
BRDA:108,3,1,28
BRDA:109,4,0,1
BRDA:109,4,1,27
BRDA:110,5,0,1
BRDA:110,5,1,27
BRDA:111,6,0,1
BRDA:111,6,1,27
BRDA:112,7,0,28
BRDA:112,7,1,0
BRDA:113,8,0,28
BRDA:113,8,1,0
BRDA:121,9,0,0
BRDA:122,10,0,0
BRDA:122,10,1,27
BRF:21
BRH:13
end_of_record
TN:
SF:src\models\dto\OfficerRole.ts
FN:28,instanceOfOfficerRole
FN:39,OfficerRoleFromJSON
FN:43,OfficerRoleFromJSONTyped
FN:47,OfficerRoleToJSON
FN:51,OfficerRoleToJSONTyped
FNF:5
FNH:1
FNDA:0,instanceOfOfficerRole
FNDA:0,OfficerRoleFromJSON
FNDA:0,OfficerRoleFromJSONTyped
FNDA:27,OfficerRoleToJSON
FNDA:0,OfficerRoleToJSONTyped
DA:20,4
DA:28,4
DA:29,0
DA:30,0
DA:31,0
DA:32,0
DA:36,0
DA:39,4
DA:40,0
DA:43,4
DA:44,0
DA:47,4
DA:48,27
DA:51,4
DA:52,0
LF:15
LH:7
BRDA:30,0,0,0
BRDA:30,0,1,0
BRDA:31,1,0,0
BRDA:31,1,1,0
BRF:4
BRH:0
end_of_record
TN:
SF:src\models\dto\User.ts
FN:63,instanceOfUser
FN:67,UserFromJSON
FN:71,UserFromJSONTyped
FN:86,UserToJSON
FN:90,UserToJSONTyped
FNF:5
FNH:2
FNDA:0,instanceOfUser
FNDA:20,UserFromJSON
FNDA:20,UserFromJSONTyped
FNDA:0,UserToJSON
FNDA:0,UserToJSONTyped
DA:63,4
DA:64,0
DA:67,4
DA:68,20
DA:71,4
DA:72,20
DA:73,0
DA:75,20
DA:86,4
DA:87,0
DA:90,4
DA:91,0
DA:92,0
DA:95,0
LF:14
LH:8
BRDA:72,0,0,0
BRDA:72,0,1,20
BRDA:77,1,0,20
BRDA:77,1,1,0
BRDA:78,2,0,0
BRDA:78,2,1,20
BRDA:79,3,0,16
BRDA:79,3,1,4
BRDA:80,4,0,17
BRDA:80,4,1,3
BRDA:81,5,0,1
BRDA:81,5,1,19
BRDA:82,6,0,1
BRDA:82,6,1,19
BRDA:90,7,0,0
BRDA:91,8,0,0
BRDA:91,8,1,0
BRF:17
BRH:11
end_of_record
TN:
SF:src\models\enums\OfficeType.ts
FN:1,(anonymous_0)
FNF:1
FNH:1
FNDA:20,(anonymous_0)
DA:1,20
DA:2,20
DA:3,20
DA:4,20
DA:5,20
DA:6,20
DA:7,20
LF:7
LH:7
BRDA:1,0,0,20
BRDA:1,0,1,20
BRF:2
BRH:2
end_of_record
TN:
SF:src\models\enums\OfficerRole.ts
FN:1,(anonymous_0)
FNF:1
FNH:1
FNDA:19,(anonymous_0)
DA:1,19
DA:2,19
DA:3,19
DA:4,19
LF:4
LH:4
BRDA:1,0,0,19
BRDA:1,0,1,19
BRF:2
BRH:2
end_of_record
TN:
SF:src\models\enums\ReportState.ts
FN:1,(anonymous_0)
FNF:1
FNH:1
FNDA:20,(anonymous_0)
DA:1,20
DA:2,20
DA:3,20
DA:4,20
LF:4
LH:4
BRDA:1,0,0,20
BRDA:1,0,1,20
BRF:2
BRH:2
end_of_record
TN:
SF:src\repositories\OfficerRepository.ts
FN:15,(anonymous_0)
FN:19,(anonymous_1)
FN:23,(anonymous_2)
FN:26,(anonymous_3)
FN:31,(anonymous_4)
FN:34,(anonymous_5)
FN:39,(anonymous_6)
FN:45,(anonymous_7)
FN:49,(anonymous_8)
FN:61,(anonymous_9)
FN:66,(anonymous_10)
FN:84,(anonymous_11)
FN:107,(anonymous_12)
FNF:13
FNH:13
FNDA:86,(anonymous_0)
FNDA:1,(anonymous_1)
FNDA:27,(anonymous_2)
FNDA:2,(anonymous_3)
FNDA:7,(anonymous_4)
FNDA:5,(anonymous_5)
FNDA:28,(anonymous_6)
FNDA:1,(anonymous_7)
FNDA:32,(anonymous_8)
FNDA:1,(anonymous_9)
FNDA:30,(anonymous_10)
FNDA:2,(anonymous_11)
FNDA:2,(anonymous_12)
DA:3,9
DA:5,9
DA:8,9
DA:9,9
DA:10,9
DA:12,9
DA:16,86
DA:20,1
DA:24,27
DA:26,2
DA:32,7
DA:34,5
DA:40,28
DA:46,1
DA:59,32
DA:61,1
DA:65,31
DA:66,31
DA:67,31
DA:68,1
DA:70,30
DA:72,30
DA:93,2
DA:96,1
DA:97,1
DA:98,1
DA:99,1
DA:100,1
DA:101,1
DA:102,1
DA:104,1
DA:108,2
DA:109,1
LF:33
LH:33
BRDA:67,0,0,1
BRDA:67,0,1,30
BRF:2
BRH:2
end_of_record
TN:
SF:src\repositories\ReportRepository.ts
FN:12,(anonymous_0)
FN:16,(anonymous_1)
FN:21,(anonymous_2)
FN:31,(anonymous_3)
FN:38,(anonymous_4)
FN:41,(anonymous_5)
FN:46,(anonymous_6)
FN:53,(anonymous_7)
FN:63,(anonymous_8)
FN:92,(anonymous_9)
FN:107,(anonymous_10)
FN:112,(anonymous_11)
FNF:12
FNH:12
FNDA:33,(anonymous_0)
FNDA:1,(anonymous_1)
FNDA:4,(anonymous_2)
FNDA:4,(anonymous_3)
FNDA:15,(anonymous_4)
FNDA:5,(anonymous_5)
FNDA:4,(anonymous_6)
FNDA:1,(anonymous_7)
FNDA:2,(anonymous_8)
FNDA:3,(anonymous_9)
FNDA:2,(anonymous_10)
FNDA:2,(anonymous_11)
DA:1,6
DA:3,6
DA:5,6
DA:6,6
DA:7,6
DA:9,6
DA:13,33
DA:17,1
DA:22,4
DA:32,4
DA:39,15
DA:41,5
DA:47,4
DA:54,1
DA:79,2
DA:80,2
DA:97,3
DA:99,2
DA:100,2
DA:101,1
DA:104,2
DA:108,2
DA:109,1
DA:113,2
DA:114,1
DA:116,1
LF:26
LH:26
BRDA:79,0,0,2
BRDA:79,0,1,0
BRDA:79,0,2,0
BRDA:100,1,0,1
BRDA:100,1,1,1
BRDA:100,2,0,2
BRDA:100,2,1,1
BRF:7
BRH:5
end_of_record
TN:
SF:src\repositories\UserRepository.ts
FN:13,(anonymous_0)
FN:17,(anonymous_1)
FN:21,(anonymous_2)
FN:24,(anonymous_3)
FN:29,(anonymous_4)
FN:32,(anonymous_5)
FN:37,(anonymous_6)
FN:40,(anonymous_7)
FN:46,(anonymous_8)
FN:56,(anonymous_9)
FN:60,(anonymous_10)
FN:71,(anonymous_11)
FN:87,(anonymous_12)
FNF:13
FNH:13
FNDA:78,(anonymous_0)
FNDA:1,(anonymous_1)
FNDA:7,(anonymous_2)
FNDA:4,(anonymous_3)
FNDA:31,(anonymous_4)
FNDA:1,(anonymous_5)
FNDA:2,(anonymous_6)
FNDA:1,(anonymous_7)
FNDA:29,(anonymous_8)
FNDA:2,(anonymous_9)
FNDA:26,(anonymous_10)
FNDA:1,(anonymous_11)
FNDA:2,(anonymous_12)
DA:3,9
DA:5,9
DA:6,9
DA:7,9
DA:8,9
DA:10,9
DA:14,78
DA:18,1
DA:22,7
DA:24,4
DA:30,31
DA:32,1
DA:38,2
DA:40,1
DA:54,29
DA:56,2
DA:59,27
DA:60,27
DA:61,27
DA:62,1
DA:64,26
DA:65,26
DA:66,1
DA:69,25
DA:71,1
DA:75,24
DA:78,23
DA:88,2
DA:89,1
LF:29
LH:29
BRDA:61,0,0,1
BRDA:61,0,1,26
BRDA:65,1,0,1
BRDA:65,1,1,25
BRF:4
BRH:4
end_of_record
TN:
SF:src\routes\AuthRoutes.ts
FN:8,(anonymous_0)
FN:25,(anonymous_1)
FNF:2
FNH:2
FNDA:3,(anonymous_0)
FNDA:3,(anonymous_1)
DA:1,4
DA:2,4
DA:3,4
DA:5,4
DA:8,4
DA:9,3
DA:10,3
DA:11,3
DA:13,3
DA:14,3
DA:16,1
DA:20,2
DA:25,4
DA:26,3
DA:27,3
DA:29,3
DA:30,3
DA:32,1
DA:36,2
DA:40,4
LF:20
LH:20
BRF:0
BRH:0
end_of_record
TN:
SF:src\routes\InfoType.ts
FN:8,(anonymous_0)
FNF:1
FNH:0
FNDA:0,(anonymous_0)
DA:1,4
DA:2,4
DA:3,4
DA:4,4
DA:5,4
DA:8,4
DA:9,0
DA:10,0
DA:18,0
DA:23,4
LF:10
LH:7
BRF:0
BRH:0
end_of_record
TN:
SF:src\routes\OfficerRoutes.ts
FN:8,(anonymous_0)
FN:22,(anonymous_1)
FN:31,(anonymous_2)
FN:44,(anonymous_3)
FN:57,(anonymous_4)
FN:67,(anonymous_5)
FN:80,(anonymous_6)
FNF:7
FNH:4
FNDA:28,(anonymous_0)
FNDA:0,(anonymous_1)
FNDA:0,(anonymous_2)
FNDA:0,(anonymous_3)
FNDA:3,(anonymous_4)
FNDA:3,(anonymous_5)
FNDA:3,(anonymous_6)
DA:1,4
DA:2,4
DA:3,4
DA:4,4
DA:5,4
DA:6,4
DA:8,4
DA:9,28
DA:11,28
DA:12,28
DA:13,27
DA:14,27
DA:18,0
DA:22,4
DA:23,0
DA:25,0
DA:27,0
DA:31,4
DA:32,0
DA:34,0
DA:35,0
DA:36,0
DA:40,0
DA:44,4
DA:45,0
DA:47,0
DA:48,0
DA:49,0
DA:53,0
DA:57,4
DA:58,3
DA:59,3
DA:60,3
DA:61,0
DA:63,3
DA:67,4
DA:68,3
DA:70,3
DA:71,3
DA:72,3
DA:76,0
DA:80,4
DA:81,3
DA:82,3
DA:83,3
DA:84,0
DA:88,3
DA:92,4
LF:48
LH:31
BRDA:12,0,0,1
BRDA:12,0,1,27
BRF:2
BRH:2
end_of_record
TN:
SF:src\routes\ReportRoutes.ts
FN:12,(anonymous_0)
FN:40,(anonymous_1)
FNF:2
FNH:2
FNDA:5,(anonymous_0)
FNDA:3,(anonymous_1)
DA:1,4
DA:2,4
DA:5,4
DA:6,4
DA:8,4
DA:10,4
DA:12,4
DA:13,5
DA:15,5
DA:16,5
DA:18,5
DA:28,5
DA:29,5
DA:31,5
DA:33,0
DA:36,5
DA:40,4
DA:41,3
DA:43,3
DA:46,3
DA:48,0
DA:49,0
DA:50,0
DA:51,0
DA:54,0
DA:56,0
DA:57,0
DA:58,0
DA:61,0
DA:65,0
DA:69,3
DA:72,3
DA:76,0
DA:80,4
LF:34
LH:22
BRDA:15,0,0,0
BRDA:15,0,1,5
BRDA:16,1,0,0
BRDA:16,1,1,5
BRDA:19,2,0,5
BRDA:19,2,1,0
BRDA:20,3,0,5
BRDA:20,3,1,5
BRDA:20,3,2,4
BRDA:21,4,0,5
BRDA:21,4,1,0
BRDA:23,5,0,5
BRDA:23,5,1,5
BRDA:25,6,0,0
BRDA:25,6,1,5
BRDA:25,7,0,5
BRDA:25,7,1,0
BRDA:46,8,0,0
BRDA:46,8,1,3
BRDA:46,9,0,3
BRDA:46,9,1,0
BRDA:51,10,0,0
BRDA:51,10,1,0
BRDA:54,11,0,0
BRDA:54,11,1,0
BRDA:54,12,0,0
BRDA:54,12,1,0
BRF:27
BRH:13
end_of_record
TN:
SF:src\routes\UserRoutes.ts
FN:9,(anonymous_0)
FN:20,(anonymous_1)
FNF:2
FNH:2
FNDA:1,(anonymous_0)
FNDA:20,(anonymous_1)
DA:1,4
DA:3,4
DA:4,4
DA:5,4
DA:6,4
DA:9,4
DA:10,1
DA:11,1
DA:12,1
DA:13,1
DA:17,0
DA:20,4
DA:21,20
DA:22,20
DA:23,20
DA:24,2
DA:28,18
DA:31,4
LF:18
LH:17
BRF:0
BRH:0
end_of_record
TN:
SF:src\services\authService.ts
FN:10,hashPassword
FN:15,verifyPassword
FN:23,generateToken
FN:32,verifyToken
FNF:4
FNH:4
FNDA:54,hashPassword
FNDA:6,verifyPassword
FNDA:60,generateToken
FNDA:55,verifyToken
DA:3,10
DA:4,10
DA:5,10
DA:7,10
DA:10,10
DA:11,54
DA:15,10
DA:19,6
DA:23,10
DA:28,60
DA:32,10
DA:33,55
DA:34,55
DA:36,2
LF:14
LH:14
BRF:0
BRH:0
end_of_record
TN:
SF:src\services\mapperService.ts
FN:13,mapUserDAOToDTO
FN:28,mapOfficerDAOToDTO
FN:45,mapReportDAOToDTO
FNF:3
FNH:3
FNDA:5,mapUserDAOToDTO
FNDA:29,mapOfficerDAOToDTO
FNDA:3,mapReportDAOToDTO
DA:13,7
DA:14,5
DA:28,7
DA:29,29
DA:45,7
DA:46,3
LF:6
LH:6
BRDA:50,0,0,1
BRDA:50,0,1,2
BRF:2
BRH:2
end_of_record
TN:
SF:src\utils\fileUtils.ts
FN:4,validatePhotosCount
FN:11,getPhotoPaths
FN:12,(anonymous_2)
FNF:3
FNH:0
FNDA:0,validatePhotosCount
FNDA:0,getPhotoPaths
FNDA:0,(anonymous_2)
DA:1,4
DA:4,4
DA:5,0
DA:6,0
DA:11,4
DA:12,0
LF:6
LH:3
BRDA:5,0,0,0
BRDA:5,0,1,0
BRDA:5,1,0,0
BRDA:5,1,1,0
BRDA:5,1,2,0
BRF:5
BRH:0
end_of_record
TN:
SF:src\utils\utils.ts
FN:5,(anonymous_0)
FN:13,(anonymous_1)
FN:21,(anonymous_2)
FN:29,(anonymous_3)
FN:37,(anonymous_4)
FN:44,findOrThrowNotFound
FN:57,throwConflictIfFound
FNF:7
FNH:7
FNDA:73,(anonymous_0)
FNDA:4,(anonymous_1)
FNDA:12,(anonymous_2)
FNDA:5,(anonymous_3)
FNDA:8,(anonymous_4)
FNDA:87,findOrThrowNotFound
FNDA:86,throwConflictIfFound
DA:3,11
DA:4,73
DA:6,73
DA:7,73
DA:11,11
DA:12,4
DA:14,4
DA:15,4
DA:19,11
DA:20,12
DA:22,12
DA:23,12
DA:27,11
DA:28,5
DA:30,5
DA:31,5
DA:35,11
DA:36,8
DA:38,8
DA:39,8
DA:44,11
DA:49,87
DA:50,87
DA:51,69
DA:53,18
DA:57,11
DA:62,86
DA:63,86
DA:64,4
LF:29
LH:29
BRDA:50,0,0,69
BRDA:50,0,1,18
BRDA:63,1,0,4
BRDA:63,1,1,82
BRF:4
BRH:4
end_of_record
